#
# A fatal error has been detected by the Java Runtime Environment:
#
#  SIGSEGV (0xb) at pc=0x00007f75488c1116, pid=23367, tid=23437
#
# JRE version: OpenJDK Runtime Environment (11.0.7+10) (build 11.0.7+10-b765.65)
# Java VM: OpenJDK 64-Bit Server VM (11.0.7+10-b765.65, mixed mode, tiered, compressed oops, concurrent mark sweep gc, linux-amd64)
# Problematic frame:
# C  [libc.so.6+0x43116]
[timeout occurred during error reporting in step "printing problematic frame"] after 30 s.
# Core dump will be written. Default location: Core dumps may be processed with "/usr/share/apport/apport %p %s %c %d %P %E" (or dumping to /home/kong/core.23367)
#
# If you would like to submit a bug report, please visit:
#   http://bugreport.java.com/bugreport/crash.jsp
# The crash happened outside the Java Virtual Machine in native code.
# See problematic frame for where to report the bug.
#

---------------  S U M M A R Y ------------

Command Line: -Xms128m -Xmx2048m -XX:ReservedCodeCacheSize=240m -XX:+UseConcMarkSweepGC -XX:SoftRefLRUPolicyMSPerMB=50 -ea -XX:CICompilerCount=2 -Dsun.io.useCanonPrefixCache=false -Djava.net.preferIPv4Stack=true -Djdk.http.auth.tunneling.disabledSchemes="" -XX:+HeapDumpOnOutOfMemoryError -XX:-OmitStackTraceInFastThrow -Djdk.attach.allowAttachSelf -Dkotlinx.coroutines.debug=off -Dawt.useSystemAAFontSettings=lcd -Dsun.java2d.renderer=sun.java2d.marlin.MarlinRenderingEngine -Dsun.tools.attach.tmp.only=true -XX:ErrorFile=/home/kong/java_error_in_PYCHARM_%p.log -XX:HeapDumpPath=/home/kong/java_error_in_PYCHARM.hprof -Didea.paths.selector=PyCharmCE2020.1 -Djb.vmOptionsFile=/home/kong/.config/JetBrains/PyCharmCE2020.1/pycharm64.vmoptions -Didea.platform.prefix=PyCharmCore com.intellij.idea.Main

Host: 
[timeout occurred during error reporting in step "printing summary machine and OS info"] after 30 s.
Time: Thu Aug 19 19:19:11 2021 HKT elapsed time: 6546 seconds (0d 1h 49m 6s)

---------------  T H R E A D  ---------------

Current thread (0x00007f74808dd800):  JavaThread "JavaFX Application Thread" [_thread_in_native, id=23437, stack(0x00007f741da51000,0x00007f741db52000)]

Stack: [0x00007f741da51000,0x00007f741db52000],  sp=0x00007f741db50660,  free space=1021k
Native frames: (J=compiled Java code, A=aot compiled Java code, j=interpreted, Vv=VM code, C=native code)
C  [libc.so.6+0x43116]