#
# A fatal error has been detected by the Java Runtime Environment:
#
#  SIGSEGV (0xb) at pc=0x00007f8ce7110116, pid=2431, tid=2469
#
# JRE version: OpenJDK Runtime Environment (11.0.7+10) (build 11.0.7+10-b765.65)
# Java VM: OpenJDK 64-Bit Server VM (11.0.7+10-b765.65, mixed mode, tiered, compressed oops, concurrent mark sweep gc, linux-amd64)
# Problematic frame:
# C  [libc.so.6+0x43116]
#
# Core dump will be written. Default location: Core dumps may be processed with "/usr/share/apport/apport %p %s %c %d %P %E" (or dumping to /home/kong/core.2431)
#
# If you would like to submit a bug report, please visit:
#   http://bugreport.java.com/bugreport/crash.jsp
# The crash happened outside the Java Virtual Machine in native code.
# See problematic frame for where to report the bug.
#

---------------  S U M M A R Y ------------

Command Line: -Xms128m -Xmx2048m -XX:ReservedCodeCacheSize=240m -XX:+UseConcMarkSweepGC -XX:SoftRefLRUPolicyMSPerMB=50 -ea -XX:CICompilerCount=2 -Dsun.io.useCanonPrefixCache=false -Djava.net.preferIPv4Stack=true -Djdk.http.auth.tunneling.disabledSchemes="" -XX:+HeapDumpOnOutOfMemoryError -XX:-OmitStackTraceInFastThrow -Djdk.attach.allowAttachSelf -Dkotlinx.coroutines.debug=off -Dawt.useSystemAAFontSettings=lcd -Dsun.java2d.renderer=sun.java2d.marlin.MarlinRenderingEngine -Dsun.tools.attach.tmp.only=true -XX:ErrorFile=/home/kong/java_error_in_PYCHARM_%p.log -XX:HeapDumpPath=/home/kong/java_error_in_PYCHARM.hprof -Didea.paths.selector=PyCharmCE2020.1 -Djb.vmOptionsFile=/home/kong/.config/JetBrains/PyCharmCE2020.1/pycharm64.vmoptions -Didea.platform.prefix=PyCharmCore com.intellij.idea.Main

Host: 